{"/home/joelle-marianek/workspaces/rs-react/src/App.tsx": {"path":"/home/joelle-marianek/workspaces/rs-react/src/App.tsx","all":true,"statementMap":{"0":{"start":{"line":1,"column":0},"end":{"line":1,"column":71}},"2":{"start":{"line":3,"column":0},"end":{"line":3,"column":41}},"4":{"start":{"line":5,"column":0},"end":{"line":5,"column":43}},"6":{"start":{"line":7,"column":0},"end":{"line":7,"column":59}}},"s":{"0":0,"2":0,"4":0,"6":0},"branchMap":{"0":{"type":"branch","line":1,"loc":{"start":{"line":1,"column":220},"end":{"line":7,"column":59}},"locations":[{"start":{"line":1,"column":220},"end":{"line":7,"column":59}}]}},"b":{"0":[0]},"fnMap":{"0":{"name":"(empty-report)","decl":{"start":{"line":1,"column":220},"end":{"line":7,"column":59}},"loc":{"start":{"line":1,"column":220},"end":{"line":7,"column":59}},"line":1}},"f":{"0":0}}
,"/home/joelle-marianek/workspaces/rs-react/src/main.tsx": {"path":"/home/joelle-marianek/workspaces/rs-react/src/main.tsx","all":true,"statementMap":{"0":{"start":{"line":1,"column":0},"end":{"line":1,"column":25}},"1":{"start":{"line":2,"column":0},"end":{"line":2,"column":39}},"2":{"start":{"line":3,"column":0},"end":{"line":3,"column":31}},"3":{"start":{"line":4,"column":0},"end":{"line":4,"column":20}},"5":{"start":{"line":6,"column":0},"end":{"line":6,"column":62}},"8":{"start":{"line":9,"column":0},"end":{"line":9,"column":61}},"9":{"start":{"line":10,"column":0},"end":{"line":10,"column":20}},"10":{"start":{"line":11,"column":0},"end":{"line":11,"column":19}},"11":{"start":{"line":12,"column":0},"end":{"line":12,"column":19}},"12":{"start":{"line":13,"column":0},"end":{"line":13,"column":20}},"13":{"start":{"line":14,"column":0},"end":{"line":14,"column":22}},"14":{"start":{"line":15,"column":0},"end":{"line":15,"column":1}}},"s":{"0":0,"1":0,"2":0,"3":0,"5":0,"8":0,"9":0,"10":0,"11":0,"12":0,"13":0,"14":0},"branchMap":{"0":{"type":"branch","line":1,"loc":{"start":{"line":1,"column":353},"end":{"line":15,"column":1}},"locations":[{"start":{"line":1,"column":353},"end":{"line":15,"column":1}}]}},"b":{"0":[0]},"fnMap":{"0":{"name":"(empty-report)","decl":{"start":{"line":1,"column":353},"end":{"line":15,"column":1}},"loc":{"start":{"line":1,"column":353},"end":{"line":15,"column":1}},"line":1}},"f":{"0":0}}
,"/home/joelle-marianek/workspaces/rs-react/src/components/Errorboundary.tsx": {"path":"/home/joelle-marianek/workspaces/rs-react/src/components/Errorboundary.tsx","all":false,"statementMap":{"0":{"start":{"line":1,"column":0},"end":{"line":1,"column":52}},"1":{"start":{"line":2,"column":0},"end":{"line":2,"column":21}},"11":{"start":{"line":12,"column":0},"end":{"line":12,"column":92}},"12":{"start":{"line":13,"column":0},"end":{"line":13,"column":44}},"13":{"start":{"line":14,"column":0},"end":{"line":14,"column":21}},"14":{"start":{"line":15,"column":0},"end":{"line":15,"column":41}},"15":{"start":{"line":16,"column":0},"end":{"line":16,"column":5}},"18":{"start":{"line":19,"column":0},"end":{"line":19,"column":71}},"19":{"start":{"line":20,"column":0},"end":{"line":20,"column":63}},"20":{"start":{"line":21,"column":0},"end":{"line":21,"column":32}},"21":{"start":{"line":22,"column":0},"end":{"line":22,"column":5}},"23":{"start":{"line":24,"column":0},"end":{"line":24,"column":65}},"24":{"start":{"line":25,"column":0},"end":{"line":25,"column":58}},"25":{"start":{"line":26,"column":0},"end":{"line":26,"column":5}},"27":{"start":{"line":28,"column":0},"end":{"line":28,"column":14}},"29":{"start":{"line":30,"column":0},"end":{"line":30,"column":34}},"30":{"start":{"line":31,"column":0},"end":{"line":31,"column":20}},"31":{"start":{"line":32,"column":0},"end":{"line":32,"column":21}},"32":{"start":{"line":33,"column":0},"end":{"line":33,"column":57}},"33":{"start":{"line":34,"column":0},"end":{"line":34,"column":53}},"34":{"start":{"line":35,"column":0},"end":{"line":35,"column":22}},"36":{"start":{"line":37,"column":0},"end":{"line":37,"column":9}},"37":{"start":{"line":38,"column":0},"end":{"line":38,"column":35}},"38":{"start":{"line":39,"column":0},"end":{"line":39,"column":5}},"39":{"start":{"line":40,"column":0},"end":{"line":40,"column":1}}},"s":{"0":1,"1":1,"11":1,"12":1,"13":1,"14":1,"15":1,"18":1,"19":0,"20":0,"21":0,"23":1,"24":0,"25":0,"27":1,"29":1,"30":0,"31":0,"32":0,"33":0,"34":0,"36":0,"37":1,"38":1,"39":1},"branchMap":{"0":{"type":"branch","line":13,"loc":{"start":{"line":13,"column":4},"end":{"line":16,"column":5}},"locations":[{"start":{"line":13,"column":4},"end":{"line":16,"column":5}}]},"1":{"type":"branch","line":28,"loc":{"start":{"line":28,"column":4},"end":{"line":39,"column":5}},"locations":[{"start":{"line":28,"column":4},"end":{"line":39,"column":5}}]},"2":{"type":"branch","line":30,"loc":{"start":{"line":30,"column":33},"end":{"line":37,"column":9}},"locations":[{"start":{"line":30,"column":33},"end":{"line":37,"column":9}}]}},"b":{"0":[1],"1":[1],"2":[0]},"fnMap":{"0":{"name":"ErrorBoundary","decl":{"start":{"line":13,"column":4},"end":{"line":16,"column":5}},"loc":{"start":{"line":13,"column":4},"end":{"line":16,"column":5}},"line":13},"1":{"name":"getDerivedStateFromError","decl":{"start":{"line":19,"column":11},"end":{"line":22,"column":5}},"loc":{"start":{"line":19,"column":11},"end":{"line":22,"column":5}},"line":19},"2":{"name":"componentDidCatch","decl":{"start":{"line":24,"column":4},"end":{"line":26,"column":5}},"loc":{"start":{"line":24,"column":4},"end":{"line":26,"column":5}},"line":24},"3":{"name":"render","decl":{"start":{"line":28,"column":4},"end":{"line":39,"column":5}},"loc":{"start":{"line":28,"column":4},"end":{"line":39,"column":5}},"line":28}},"f":{"0":1,"1":0,"2":0,"3":1}}
,"/home/joelle-marianek/workspaces/rs-react/src/components/Pagination.tsx": {"path":"/home/joelle-marianek/workspaces/rs-react/src/components/Pagination.tsx","all":false,"statementMap":{"0":{"start":{"line":1,"column":0},"end":{"line":1,"column":26}},"8":{"start":{"line":9,"column":0},"end":{"line":9,"column":101}},"9":{"start":{"line":10,"column":0},"end":{"line":10,"column":63}},"10":{"start":{"line":11,"column":0},"end":{"line":11,"column":84}},"12":{"start":{"line":13,"column":0},"end":{"line":13,"column":49}},"13":{"start":{"line":14,"column":0},"end":{"line":14,"column":58}},"14":{"start":{"line":15,"column":0},"end":{"line":15,"column":37}},"15":{"start":{"line":16,"column":0},"end":{"line":16,"column":9}},"16":{"start":{"line":17,"column":0},"end":{"line":17,"column":6}},"17":{"start":{"line":18,"column":0},"end":{"line":18,"column":29}},"18":{"start":{"line":19,"column":0},"end":{"line":19,"column":12}},"19":{"start":{"line":20,"column":0},"end":{"line":20,"column":36}},"20":{"start":{"line":21,"column":0},"end":{"line":21,"column":46}},"21":{"start":{"line":22,"column":0},"end":{"line":22,"column":24}},"22":{"start":{"line":23,"column":0},"end":{"line":23,"column":36}},"23":{"start":{"line":24,"column":0},"end":{"line":24,"column":59}},"24":{"start":{"line":25,"column":0},"end":{"line":25,"column":78}},"26":{"start":{"line":27,"column":0},"end":{"line":27,"column":32}},"27":{"start":{"line":28,"column":0},"end":{"line":28,"column":25}},"28":{"start":{"line":29,"column":0},"end":{"line":29,"column":15}},"29":{"start":{"line":30,"column":0},"end":{"line":30,"column":14}},"31":{"start":{"line":32,"column":0},"end":{"line":32,"column":1}},"33":{"start":{"line":34,"column":0},"end":{"line":34,"column":26}}},"s":{"0":1,"8":1,"9":1,"10":1,"12":1,"13":0,"14":0,"15":0,"16":0,"17":1,"18":1,"19":1,"20":1,"21":2,"22":2,"23":2,"24":2,"26":2,"27":2,"28":1,"29":1,"31":1,"33":1},"branchMap":{"0":{"type":"branch","line":9,"loc":{"start":{"line":9,"column":19},"end":{"line":32,"column":1}},"locations":[{"start":{"line":9,"column":19},"end":{"line":32,"column":1}}]},"1":{"type":"branch","line":11,"loc":{"start":{"line":11,"column":59},"end":{"line":11,"column":82}},"locations":[{"start":{"line":11,"column":59},"end":{"line":11,"column":82}}]},"2":{"type":"branch","line":21,"loc":{"start":{"line":21,"column":29},"end":{"line":28,"column":25}},"locations":[{"start":{"line":21,"column":29},"end":{"line":28,"column":25}}]},"3":{"type":"branch","line":25,"loc":{"start":{"line":25,"column":50},"end":{"line":25,"column":75}},"locations":[{"start":{"line":25,"column":50},"end":{"line":25,"column":75}}]},"4":{"type":"branch","line":25,"loc":{"start":{"line":25,"column":64},"end":{"line":25,"column":78}},"locations":[{"start":{"line":25,"column":64},"end":{"line":25,"column":78}}]}},"b":{"0":[1],"1":[2],"2":[2],"3":[1],"4":[1]},"fnMap":{"0":{"name":"Pagination","decl":{"start":{"line":9,"column":19},"end":{"line":32,"column":1}},"loc":{"start":{"line":9,"column":19},"end":{"line":32,"column":1}},"line":9},"1":{"name":"handleClick","decl":{"start":{"line":13,"column":24},"end":{"line":17,"column":6}},"loc":{"start":{"line":13,"column":24},"end":{"line":17,"column":6}},"line":13},"2":{"name":"onClick","decl":{"start":{"line":24,"column":29},"end":{"line":24,"column":59}},"loc":{"start":{"line":24,"column":29},"end":{"line":24,"column":59}},"line":24}},"f":{"0":1,"1":0,"2":0}}
,"/home/joelle-marianek/workspaces/rs-react/src/shared/routes.tsx": {"path":"/home/joelle-marianek/workspaces/rs-react/src/shared/routes.tsx","all":true,"statementMap":{"0":{"start":{"line":1,"column":0},"end":{"line":1,"column":35}},"1":{"start":{"line":2,"column":0},"end":{"line":2,"column":47}},"3":{"start":{"line":4,"column":0},"end":{"line":4,"column":23}},"4":{"start":{"line":5,"column":0},"end":{"line":5,"column":5}},"5":{"start":{"line":6,"column":0},"end":{"line":6,"column":18}},"6":{"start":{"line":7,"column":0},"end":{"line":7,"column":24}},"7":{"start":{"line":8,"column":0},"end":{"line":8,"column":39}},"8":{"start":{"line":9,"column":0},"end":{"line":9,"column":6}},"9":{"start":{"line":10,"column":0},"end":{"line":10,"column":5}},"10":{"start":{"line":11,"column":0},"end":{"line":11,"column":18}},"11":{"start":{"line":12,"column":0},"end":{"line":12,"column":33}},"12":{"start":{"line":13,"column":0},"end":{"line":13,"column":5}},"13":{"start":{"line":14,"column":0},"end":{"line":14,"column":2}}},"s":{"0":0,"1":0,"3":0,"4":0,"5":0,"6":0,"7":0,"8":0,"9":0,"10":0,"11":0,"12":0,"13":0},"branchMap":{"0":{"type":"branch","line":1,"loc":{"start":{"line":1,"column":0},"end":{"line":14,"column":-138}},"locations":[{"start":{"line":1,"column":0},"end":{"line":14,"column":-138}}]}},"b":{"0":[0]},"fnMap":{"0":{"name":"(empty-report)","decl":{"start":{"line":1,"column":0},"end":{"line":14,"column":-138}},"loc":{"start":{"line":1,"column":0},"end":{"line":14,"column":-138}},"line":1}},"f":{"0":0}}
,"/home/joelle-marianek/workspaces/rs-react/src/types/seriesInterface.ts": {"path":"/home/joelle-marianek/workspaces/rs-react/src/types/seriesInterface.ts","all":true,"statementMap":{},"s":{},"branchMap":{"0":{"type":"branch","line":1,"loc":{"start":{"line":1,"column":509},"end":{"line":23,"column":1}},"locations":[{"start":{"line":1,"column":509},"end":{"line":23,"column":1}}]}},"b":{"0":[1]},"fnMap":{"0":{"name":"(empty-report)","decl":{"start":{"line":1,"column":509},"end":{"line":23,"column":1}},"loc":{"start":{"line":1,"column":509},"end":{"line":23,"column":1}},"line":1}},"f":{"0":1}}
,"/home/joelle-marianek/workspaces/rs-react/src/views/404NotFound.tsx": {"path":"/home/joelle-marianek/workspaces/rs-react/src/views/404NotFound.tsx","all":false,"statementMap":{"0":{"start":{"line":1,"column":0},"end":{"line":1,"column":26}},"1":{"start":{"line":2,"column":0},"end":{"line":2,"column":40}},"3":{"start":{"line":4,"column":0},"end":{"line":4,"column":45}},"5":{"start":{"line":6,"column":0},"end":{"line":6,"column":28}},"6":{"start":{"line":7,"column":0},"end":{"line":7,"column":12}},"7":{"start":{"line":8,"column":0},"end":{"line":8,"column":41}},"8":{"start":{"line":9,"column":0},"end":{"line":9,"column":26}},"9":{"start":{"line":10,"column":0},"end":{"line":10,"column":42}},"10":{"start":{"line":11,"column":0},"end":{"line":11,"column":89}},"12":{"start":{"line":13,"column":0},"end":{"line":13,"column":16}},"13":{"start":{"line":14,"column":0},"end":{"line":14,"column":46}},"14":{"start":{"line":15,"column":0},"end":{"line":15,"column":14}},"16":{"start":{"line":17,"column":0},"end":{"line":17,"column":1}},"18":{"start":{"line":19,"column":0},"end":{"line":19,"column":28}}},"s":{"0":1,"1":1,"3":1,"5":1,"6":1,"7":1,"8":1,"9":1,"10":1,"12":1,"13":1,"14":1,"16":1,"18":1},"branchMap":{"0":{"type":"branch","line":6,"loc":{"start":{"line":6,"column":21},"end":{"line":17,"column":1}},"locations":[{"start":{"line":6,"column":21},"end":{"line":17,"column":1}}]}},"b":{"0":[1]},"fnMap":{"0":{"name":"PageNotFound","decl":{"start":{"line":6,"column":21},"end":{"line":17,"column":1}},"loc":{"start":{"line":6,"column":21},"end":{"line":17,"column":1}},"line":6}},"f":{"0":1}}
,"/home/joelle-marianek/workspaces/rs-react/src/views/Mainpage.tsx": {"path":"/home/joelle-marianek/workspaces/rs-react/src/views/Mainpage.tsx","all":false,"statementMap":{"0":{"start":{"line":1,"column":0},"end":{"line":1,"column":26}},"1":{"start":{"line":2,"column":0},"end":{"line":2,"column":43}},"2":{"start":{"line":3,"column":0},"end":{"line":3,"column":20}},"4":{"start":{"line":5,"column":0},"end":{"line":5,"column":49}},"5":{"start":{"line":6,"column":0},"end":{"line":6,"column":47}},"7":{"start":{"line":8,"column":0},"end":{"line":8,"column":31}},"8":{"start":{"line":9,"column":0},"end":{"line":9,"column":59}},"9":{"start":{"line":10,"column":0},"end":{"line":10,"column":55}},"10":{"start":{"line":11,"column":0},"end":{"line":11,"column":51}},"11":{"start":{"line":12,"column":0},"end":{"line":12,"column":71}},"12":{"start":{"line":13,"column":0},"end":{"line":13,"column":97}},"13":{"start":{"line":14,"column":0},"end":{"line":14,"column":27}},"15":{"start":{"line":16,"column":0},"end":{"line":16,"column":28}},"16":{"start":{"line":17,"column":0},"end":{"line":17,"column":23}},"17":{"start":{"line":18,"column":0},"end":{"line":18,"column":5}},"19":{"start":{"line":20,"column":0},"end":{"line":20,"column":21}},"20":{"start":{"line":21,"column":0},"end":{"line":21,"column":41}},"21":{"start":{"line":22,"column":0},"end":{"line":22,"column":17}},"22":{"start":{"line":23,"column":0},"end":{"line":23,"column":127}},"23":{"start":{"line":24,"column":0},"end":{"line":24,"column":35}},"24":{"start":{"line":25,"column":0},"end":{"line":25,"column":67}},"25":{"start":{"line":26,"column":0},"end":{"line":26,"column":17}},"26":{"start":{"line":27,"column":0},"end":{"line":27,"column":51}},"27":{"start":{"line":28,"column":0},"end":{"line":28,"column":39}},"28":{"start":{"line":29,"column":0},"end":{"line":29,"column":34}},"29":{"start":{"line":30,"column":0},"end":{"line":30,"column":29}},"30":{"start":{"line":31,"column":0},"end":{"line":31,"column":59}},"31":{"start":{"line":32,"column":0},"end":{"line":32,"column":31}},"32":{"start":{"line":33,"column":0},"end":{"line":33,"column":13}},"33":{"start":{"line":34,"column":0},"end":{"line":34,"column":9}},"34":{"start":{"line":35,"column":0},"end":{"line":35,"column":22}},"35":{"start":{"line":36,"column":0},"end":{"line":36,"column":36}},"37":{"start":{"line":38,"column":0},"end":{"line":38,"column":20}},"38":{"start":{"line":39,"column":0},"end":{"line":39,"column":87}},"39":{"start":{"line":40,"column":0},"end":{"line":40,"column":5}},"41":{"start":{"line":42,"column":0},"end":{"line":42,"column":16}},"42":{"start":{"line":43,"column":0},"end":{"line":43,"column":46}},"43":{"start":{"line":44,"column":0},"end":{"line":44,"column":56}},"44":{"start":{"line":45,"column":0},"end":{"line":45,"column":53}},"45":{"start":{"line":46,"column":0},"end":{"line":46,"column":22}},"46":{"start":{"line":47,"column":0},"end":{"line":47,"column":5}},"47":{"start":{"line":48,"column":0},"end":{"line":48,"column":54}},"48":{"start":{"line":49,"column":0},"end":{"line":49,"column":39}},"49":{"start":{"line":50,"column":0},"end":{"line":50,"column":6}},"51":{"start":{"line":52,"column":0},"end":{"line":52,"column":12}},"52":{"start":{"line":53,"column":0},"end":{"line":53,"column":33}},"53":{"start":{"line":54,"column":0},"end":{"line":54,"column":39}},"54":{"start":{"line":55,"column":0},"end":{"line":55,"column":58}},"55":{"start":{"line":56,"column":0},"end":{"line":56,"column":39}},"56":{"start":{"line":57,"column":0},"end":{"line":57,"column":57}},"57":{"start":{"line":58,"column":0},"end":{"line":58,"column":66}},"58":{"start":{"line":59,"column":0},"end":{"line":59,"column":18}},"59":{"start":{"line":60,"column":0},"end":{"line":60,"column":46}},"60":{"start":{"line":61,"column":0},"end":{"line":61,"column":42}},"61":{"start":{"line":62,"column":0},"end":{"line":62,"column":67}},"62":{"start":{"line":63,"column":0},"end":{"line":63,"column":73}},"63":{"start":{"line":64,"column":0},"end":{"line":64,"column":121}},"64":{"start":{"line":65,"column":0},"end":{"line":65,"column":120}},"65":{"start":{"line":66,"column":0},"end":{"line":66,"column":64}},"66":{"start":{"line":67,"column":0},"end":{"line":67,"column":66}},"67":{"start":{"line":68,"column":0},"end":{"line":68,"column":85}},"68":{"start":{"line":69,"column":0},"end":{"line":69,"column":89}},"69":{"start":{"line":70,"column":0},"end":{"line":70,"column":30}},"70":{"start":{"line":71,"column":0},"end":{"line":71,"column":23}},"71":{"start":{"line":72,"column":0},"end":{"line":72,"column":22}},"72":{"start":{"line":73,"column":0},"end":{"line":73,"column":23}},"73":{"start":{"line":74,"column":0},"end":{"line":74,"column":34}},"74":{"start":{"line":75,"column":0},"end":{"line":75,"column":43}},"75":{"start":{"line":76,"column":0},"end":{"line":76,"column":41}},"76":{"start":{"line":77,"column":0},"end":{"line":77,"column":47}},"77":{"start":{"line":78,"column":0},"end":{"line":78,"column":14}},"78":{"start":{"line":79,"column":0},"end":{"line":79,"column":14}},"80":{"start":{"line":81,"column":0},"end":{"line":81,"column":1}}},"s":{"0":1,"1":1,"2":1,"4":1,"5":1,"7":2,"8":2,"9":2,"10":2,"11":2,"12":2,"13":2,"15":2,"16":0,"17":0,"19":2,"20":1,"21":1,"22":1,"23":1,"24":0,"25":0,"26":1,"27":1,"28":1,"29":1,"30":0,"31":0,"32":0,"33":1,"34":1,"35":2,"37":2,"38":1,"39":1,"41":2,"42":0,"43":0,"44":0,"45":0,"46":0,"47":1,"48":0,"49":0,"51":1,"52":1,"53":1,"54":1,"55":1,"56":1,"57":1,"58":1,"59":1,"60":1,"61":6,"62":6,"63":6,"64":6,"65":6,"66":6,"67":6,"68":6,"69":6,"70":1,"71":1,"72":1,"73":1,"74":1,"75":1,"76":1,"77":1,"78":1,"80":1},"branchMap":{"0":{"type":"branch","line":8,"loc":{"start":{"line":8,"column":0},"end":{"line":81,"column":1}},"locations":[{"start":{"line":8,"column":0},"end":{"line":81,"column":1}}]},"1":{"type":"branch","line":38,"loc":{"start":{"line":38,"column":19},"end":{"line":42,"column":15}},"locations":[{"start":{"line":38,"column":19},"end":{"line":42,"column":15}}]},"2":{"type":"branch","line":42,"loc":{"start":{"line":42,"column":15},"end":{"line":47,"column":5}},"locations":[{"start":{"line":42,"column":15},"end":{"line":47,"column":5}}]},"3":{"type":"branch","line":47,"loc":{"start":{"line":47,"column":4},"end":{"line":81,"column":1}},"locations":[{"start":{"line":47,"column":4},"end":{"line":81,"column":1}}]},"4":{"type":"branch","line":20,"loc":{"start":{"line":20,"column":14},"end":{"line":36,"column":7}},"locations":[{"start":{"line":20,"column":14},"end":{"line":36,"column":7}}]},"5":{"type":"branch","line":21,"loc":{"start":{"line":21,"column":28},"end":{"line":34,"column":9}},"locations":[{"start":{"line":21,"column":28},"end":{"line":34,"column":9}}]},"6":{"type":"branch","line":24,"loc":{"start":{"line":24,"column":34},"end":{"line":26,"column":17}},"locations":[{"start":{"line":24,"column":34},"end":{"line":26,"column":17}}]},"7":{"type":"branch","line":30,"loc":{"start":{"line":30,"column":12},"end":{"line":33,"column":13}},"locations":[{"start":{"line":30,"column":12},"end":{"line":33,"column":13}}]},"8":{"type":"branch","line":61,"loc":{"start":{"line":61,"column":32},"end":{"line":70,"column":30}},"locations":[{"start":{"line":61,"column":32},"end":{"line":70,"column":30}}]},"9":{"type":"branch","line":64,"loc":{"start":{"line":64,"column":86},"end":{"line":64,"column":117}},"locations":[{"start":{"line":64,"column":86},"end":{"line":64,"column":117}}]},"10":{"type":"branch","line":65,"loc":{"start":{"line":65,"column":84},"end":{"line":65,"column":116}},"locations":[{"start":{"line":65,"column":84},"end":{"line":65,"column":116}}]}},"b":{"0":[2],"1":[1],"2":[0],"3":[1],"4":[1],"5":[1],"6":[0],"7":[0],"8":[6],"9":[3],"10":[3]},"fnMap":{"0":{"name":"App","decl":{"start":{"line":8,"column":0},"end":{"line":81,"column":1}},"loc":{"start":{"line":8,"column":0},"end":{"line":81,"column":1}},"line":8},"1":{"name":"handleClick","decl":{"start":{"line":16,"column":4},"end":{"line":18,"column":5}},"loc":{"start":{"line":16,"column":4},"end":{"line":18,"column":5}},"line":16},"2":{"name":"fetchSeries","decl":{"start":{"line":21,"column":28},"end":{"line":34,"column":9}},"loc":{"start":{"line":21,"column":28},"end":{"line":34,"column":9}},"line":21},"3":{"name":"handlePagination","decl":{"start":{"line":48,"column":29},"end":{"line":50,"column":6}},"loc":{"start":{"line":48,"column":29},"end":{"line":50,"column":6}},"line":48}},"f":{"0":2,"1":0,"2":1,"3":0}}
}
